SF:lib\features\auth\data\model\auth_api_model.dart
DA:17,1
DA:26,1
DA:27,1
DA:29,2
DA:32,0
DA:33,0
DA:34,0
DA:35,0
DA:36,0
DA:37,0
DA:38,0
DA:39,0
DA:44,0
DA:45,0
DA:46,0
DA:47,0
DA:48,0
DA:49,0
DA:50,0
DA:54,0
DA:55,0
LF:21
LH:4
end_of_record
SF:lib\features\auth\data\model\auth_api_model.g.dart
DA:9,2
DA:10,1
DA:11,1
DA:12,1
DA:13,1
DA:14,1
DA:15,1
DA:18,1
DA:19,1
DA:20,1
DA:21,1
DA:22,1
DA:23,1
DA:24,1
DA:25,1
LF:15
LH:15
end_of_record
SF:lib\core\error\failure.dart
DA:6,10
DA:8,0
DA:9,0
DA:13,0
DA:18,8
DA:25,3
LF:6
LH:3
end_of_record
SF:lib\features\auth\domain\entity\auth_entity.dart
DA:11,3
DA:20,1
DA:21,1
DA:22,1
DA:23,1
DA:24,1
DA:25,1
DA:26,1
DA:27,1
LF:9
LH:9
end_of_record
SF:lib\features\auth\domain\use_case\register_usecase.dart
DA:15,1
DA:23,0
DA:30,0
DA:32,0
DA:38,1
DA:40,1
DA:43,2
DA:44,2
DA:45,2
DA:46,2
DA:50,3
DA:56,1
DA:57,2
DA:62,1
DA:63,1
DA:64,1
DA:65,1
DA:66,1
DA:67,1
DA:71,2
LF:20
LH:17
end_of_record
SF:lib\app\shared_prefs\token_shared_prefs.dart
DA:8,0
DA:10,0
DA:12,0
DA:15,0
DA:19,0
DA:21,0
DA:22,0
DA:24,0
LF:8
LH:0
end_of_record
SF:lib\features\auth\domain\use_case\login_usecase.dart
DA:12,1
DA:18,1
DA:22,0
DA:23,0
DA:30,1
DA:32,1
DA:34,4
DA:35,1
DA:36,2
DA:37,1
DA:38,2
DA:39,1
DA:40,2
DA:41,1
DA:42,0
DA:47,2
DA:48,1
DA:49,4
LF:18
LH:15
end_of_record
SF:lib\features\auth\domain\use_case\upload_image_usecase.dart
DA:11,1
DA:20,1
DA:22,1
DA:24,3
LF:4
LH:4
end_of_record
